2025-01-02 15:41:00 | WARN | repo=course-sys-int-systems-exam | action=commit
2025-02-24 11:39:00 | DEBUG | repo=course-sys-int-systems-exam | action=commit
2025-03-23 17:12:00 | DEBUG | repo=course-sys-int-systems-exam | action=commit
2025-01-18 16:51:00 | WARN | repo=course-sys-int-systems-exam | action=commit
2025-03-22 11:50:00 | INFO | repo=course-sys-int-systems-exam | action=pull
2025-10-13 07:31:00 | DEBUG | repo=course-sys-int-systems-exam | action=commit
2025-04-03 19:10:00 | INFO | repo=course-sys-int-systems-exam | action=commit
2025-03-28 14:42:00 | WARN | repo=course-sys-int-systems-exam | action=commit
2025-08-05 17:53:00 | WARN | repo=course-sys-int-systems-exam | action=pull
2025-11-01 18:43:00 | INFO | repo=course-sys-int-systems-exam | action=commit
2025-12-19 09:32:00 | INFO | repo=course-sys-int-systems-exam | action=pull
2025-11-24 14:35:00 | WARN | repo=course-sys-int-systems-exam | action=edit | files=1
2025-07-07 09:05:00 | WARN | repo=course-sys-int-systems-exam | action=commit
2025-02-16 16:41:00 | INFO | repo=course-sys-int-systems-exam | action=commit
2025-09-02 18:28:00 | DEBUG | repo=course-sys-int-systems-exam | action=test | passed=true
2025-05-14 19:56:00 | DEBUG | repo=course-sys-int-systems-exam | action=commit
2025-04-19 09:11:00 | DEBUG | repo=course-sys-int-systems-exam | action=edit | files=1
2025-10-23 07:03:00 | INFO | repo=course-sys-int-systems-exam | action=commit
2025-05-04 08:46:00 | WARN | repo=course-sys-int-systems-exam | action=commit
2025-03-13 19:36:00 | DEBUG | repo=course-sys-int-systems-exam | action=pull
2025-11-02 15:22:00 | DEBUG | repo=course-sys-int-systems-exam | action=commit
2025-07-22 18:51:00 | INFO | repo=course-sys-int-systems-exam | action=test | passed=true
2025-06-19 08:13:00 | DEBUG | repo=course-sys-int-systems-exam | action=pull
2025-01-13 20:18:00 | WARN | repo=course-sys-int-systems-exam | action=edit | files=1
2025-07-20 18:56:00 | DEBUG | repo=course-sys-int-systems-exam | action=edit | files=5
2025-04-02 07:14:00 | WARN | repo=course-sys-int-systems-exam | action=commit
2025-06-27 15:47:00 | INFO | repo=course-sys-int-systems-exam | action=commit
2025-07-01 20:47:00 | INFO | repo=course-sys-int-systems-exam | action=commit
2025-11-11 13:14:00 | WARN | repo=course-sys-int-systems-exam | action=test | passed=true
2025-07-08 07:53:00 | INFO | repo=course-sys-int-systems-exam | action=commit
2025-03-13 09:43:00 | WARN | repo=course-sys-int-systems-exam | action=commit
2025-08-14 17:28:00 | DEBUG | repo=course-sys-int-systems-exam | action=commit
2025-06-25 18:50:00 | WARN | repo=course-sys-int-systems-exam | action=commit
2025-10-24 10:05:00 | DEBUG | repo=course-sys-int-systems-exam | action=commit
2025-05-28 11:20:00 | DEBUG | repo=course-sys-int-systems-exam | action=pull
2025-07-02 19:56:00 | INFO | repo=course-sys-int-systems-exam | action=commit
2025-05-28 08:47:00 | DEBUG | repo=course-sys-int-systems-exam | action=commit
2025-03-05 07:32:00 | INFO | repo=course-sys-int-systems-exam | action=commit
2025-09-16 10:44:00 | WARN | repo=course-sys-int-systems-exam | action=commit
2025-04-21 08:30:00 | WARN | repo=course-sys-int-systems-exam | action=commit
2025-04-24 11:19:00 | DEBUG | repo=course-sys-int-systems-exam | action=edit | files=4
2025-02-26 13:07:00 | DEBUG | repo=course-sys-int-systems-exam | action=edit | files=5
2025-12-08 07:06:00 | DEBUG | repo=course-sys-int-systems-exam | action=pull
2025-02-06 07:53:00 | INFO | repo=course-sys-int-systems-exam | action=commit
2025-03-26 08:07:00 | INFO | repo=course-sys-int-systems-exam | action=commit
2025-05-25 12:33:00 | WARN | repo=course-sys-int-systems-exam | action=commit
2025-03-24 14:49:00 | WARN | repo=course-sys-int-systems-exam | action=pull
2025-10-13 17:11:00 | INFO | repo=course-sys-int-systems-exam | action=commit
2025-06-11 20:21:00 | DEBUG | repo=course-sys-int-systems-exam | action=pull
2025-08-18 18:12:00 | WARN | repo=course-sys-int-systems-exam | action=pull
2025-08-10 14:52:00 | WARN | repo=course-sys-int-systems-exam | action=commit
2025-07-19 11:31:00 | WARN | repo=course-sys-int-systems-exam | action=commit
2025-06-10 20:23:00 | DEBUG | repo=course-sys-int-systems-exam | action=commit
2025-07-24 18:44:00 | WARN | repo=course-sys-int-systems-exam | action=commit
2025-03-23 11:23:00 | DEBUG | repo=course-sys-int-systems-exam | action=commit
